{"D:\\worksites\\incodiy\\packages\\incodiy\\codeparcel\\dev-sentinel\\src\\core.ts": {"path":"D:\\worksites\\incodiy\\packages\\incodiy\\codeparcel\\dev-sentinel\\src\\core.ts","all":false,"statementMap":{"2":{"start":{"line":3,"column":0},"end":{"line":3,"column":72}},"5":{"start":{"line":6,"column":0},"end":{"line":6,"column":84}},"6":{"start":{"line":7,"column":0},"end":{"line":7,"column":60}},"16":{"start":{"line":17,"column":0},"end":{"line":17,"column":74}},"17":{"start":{"line":18,"column":0},"end":{"line":18,"column":55}},"18":{"start":{"line":19,"column":0},"end":{"line":19,"column":94}},"19":{"start":{"line":20,"column":0},"end":{"line":20,"column":21}},"20":{"start":{"line":21,"column":0},"end":{"line":21,"column":1}},"29":{"start":{"line":30,"column":0},"end":{"line":30,"column":37}},"30":{"start":{"line":31,"column":0},"end":{"line":31,"column":35}},"31":{"start":{"line":32,"column":0},"end":{"line":32,"column":1}},"42":{"start":{"line":43,"column":0},"end":{"line":43,"column":111}},"43":{"start":{"line":44,"column":0},"end":{"line":44,"column":54}},"44":{"start":{"line":45,"column":0},"end":{"line":45,"column":70}},"45":{"start":{"line":46,"column":0},"end":{"line":46,"column":43}},"46":{"start":{"line":47,"column":0},"end":{"line":47,"column":4}},"47":{"start":{"line":48,"column":0},"end":{"line":48,"column":50}},"48":{"start":{"line":49,"column":0},"end":{"line":49,"column":1}},"57":{"start":{"line":58,"column":0},"end":{"line":58,"column":75}},"58":{"start":{"line":59,"column":0},"end":{"line":59,"column":20}},"59":{"start":{"line":60,"column":0},"end":{"line":60,"column":33}},"60":{"start":{"line":61,"column":0},"end":{"line":61,"column":37}},"61":{"start":{"line":62,"column":0},"end":{"line":62,"column":49}},"62":{"start":{"line":63,"column":0},"end":{"line":63,"column":7}},"63":{"start":{"line":64,"column":0},"end":{"line":64,"column":32}},"64":{"start":{"line":65,"column":0},"end":{"line":65,"column":33}},"65":{"start":{"line":66,"column":0},"end":{"line":66,"column":6}},"66":{"start":{"line":67,"column":0},"end":{"line":67,"column":3}},"67":{"start":{"line":68,"column":0},"end":{"line":68,"column":1}},"76":{"start":{"line":77,"column":0},"end":{"line":77,"column":68}},"77":{"start":{"line":78,"column":0},"end":{"line":78,"column":33}},"78":{"start":{"line":79,"column":0},"end":{"line":79,"column":45}},"79":{"start":{"line":80,"column":0},"end":{"line":80,"column":3}},"80":{"start":{"line":81,"column":0},"end":{"line":81,"column":28}},"81":{"start":{"line":82,"column":0},"end":{"line":82,"column":29}},"82":{"start":{"line":83,"column":0},"end":{"line":83,"column":1}},"90":{"start":{"line":91,"column":0},"end":{"line":91,"column":34}},"91":{"start":{"line":92,"column":0},"end":{"line":92,"column":39}},"92":{"start":{"line":93,"column":0},"end":{"line":93,"column":34}},"93":{"start":{"line":94,"column":0},"end":{"line":94,"column":48}},"94":{"start":{"line":95,"column":0},"end":{"line":95,"column":5}},"95":{"start":{"line":96,"column":0},"end":{"line":96,"column":4}},"96":{"start":{"line":97,"column":0},"end":{"line":97,"column":25}},"97":{"start":{"line":98,"column":0},"end":{"line":98,"column":1}},"107":{"start":{"line":108,"column":0},"end":{"line":108,"column":34}},"108":{"start":{"line":109,"column":0},"end":{"line":109,"column":24}},"109":{"start":{"line":110,"column":0},"end":{"line":110,"column":75}},"110":{"start":{"line":111,"column":0},"end":{"line":111,"column":3}},"111":{"start":{"line":112,"column":0},"end":{"line":112,"column":33}},"112":{"start":{"line":113,"column":0},"end":{"line":113,"column":45}},"113":{"start":{"line":114,"column":0},"end":{"line":114,"column":3}},"114":{"start":{"line":115,"column":0},"end":{"line":115,"column":44}},"115":{"start":{"line":116,"column":0},"end":{"line":116,"column":29}},"116":{"start":{"line":117,"column":0},"end":{"line":117,"column":1}},"125":{"start":{"line":126,"column":0},"end":{"line":126,"column":42}},"126":{"start":{"line":127,"column":0},"end":{"line":127,"column":22}},"127":{"start":{"line":128,"column":0},"end":{"line":128,"column":1}},"136":{"start":{"line":137,"column":0},"end":{"line":137,"column":43}},"137":{"start":{"line":138,"column":0},"end":{"line":138,"column":23}},"138":{"start":{"line":139,"column":0},"end":{"line":139,"column":1}},"148":{"start":{"line":149,"column":0},"end":{"line":149,"column":53}},"149":{"start":{"line":150,"column":0},"end":{"line":150,"column":39}},"150":{"start":{"line":151,"column":0},"end":{"line":151,"column":1}},"160":{"start":{"line":161,"column":0},"end":{"line":161,"column":54}},"161":{"start":{"line":162,"column":0},"end":{"line":162,"column":40}},"162":{"start":{"line":163,"column":0},"end":{"line":163,"column":1}}},"s":{"2":1,"5":1,"6":1,"16":1,"17":7,"18":7,"19":0,"20":0,"29":1,"30":6,"31":6,"42":1,"43":1,"44":4,"45":4,"46":1,"47":1,"48":1,"57":1,"58":1,"59":1,"60":1,"61":1,"62":1,"63":1,"64":1,"65":1,"66":1,"67":1,"76":1,"77":1,"78":1,"79":1,"80":1,"81":1,"82":1,"90":1,"91":23,"92":3,"93":3,"94":3,"95":23,"96":23,"97":23,"107":1,"108":1,"109":1,"110":1,"111":1,"112":0,"113":0,"114":1,"115":1,"116":1,"125":1,"126":1,"127":1,"136":1,"137":1,"138":1,"148":1,"149":1,"150":1,"160":1,"161":1,"162":1},"branchMap":{"0":{"type":"branch","line":17,"loc":{"start":{"line":17,"column":7},"end":{"line":21,"column":1}},"locations":[{"start":{"line":17,"column":7},"end":{"line":21,"column":1}}]},"1":{"type":"branch","line":18,"loc":{"start":{"line":18,"column":35},"end":{"line":19,"column":67}},"locations":[{"start":{"line":18,"column":35},"end":{"line":19,"column":67}}]},"2":{"type":"branch","line":19,"loc":{"start":{"line":19,"column":67},"end":{"line":21,"column":1}},"locations":[{"start":{"line":19,"column":67},"end":{"line":21,"column":1}}]},"3":{"type":"branch","line":30,"loc":{"start":{"line":30,"column":7},"end":{"line":32,"column":1}},"locations":[{"start":{"line":30,"column":7},"end":{"line":32,"column":1}}]},"4":{"type":"branch","line":43,"loc":{"start":{"line":43,"column":7},"end":{"line":49,"column":1}},"locations":[{"start":{"line":43,"column":7},"end":{"line":49,"column":1}}]},"5":{"type":"branch","line":48,"loc":{"start":{"line":48,"column":31},"end":{"line":48,"column":50}},"locations":[{"start":{"line":48,"column":31},"end":{"line":48,"column":50}}]},"6":{"type":"branch","line":44,"loc":{"start":{"line":44,"column":41},"end":{"line":47,"column":3}},"locations":[{"start":{"line":44,"column":41},"end":{"line":47,"column":3}}]},"7":{"type":"branch","line":46,"loc":{"start":{"line":46,"column":11},"end":{"line":46,"column":31}},"locations":[{"start":{"line":46,"column":11},"end":{"line":46,"column":31}}]},"8":{"type":"branch","line":58,"loc":{"start":{"line":58,"column":7},"end":{"line":68,"column":1}},"locations":[{"start":{"line":58,"column":7},"end":{"line":68,"column":1}}]},"9":{"type":"branch","line":60,"loc":{"start":{"line":60,"column":20},"end":{"line":66,"column":5}},"locations":[{"start":{"line":60,"column":20},"end":{"line":66,"column":5}}]},"10":{"type":"branch","line":64,"loc":{"start":{"line":64,"column":24},"end":{"line":64,"column":32}},"locations":[{"start":{"line":64,"column":24},"end":{"line":64,"column":32}}]},"11":{"type":"branch","line":77,"loc":{"start":{"line":77,"column":7},"end":{"line":83,"column":1}},"locations":[{"start":{"line":77,"column":7},"end":{"line":83,"column":1}}]},"12":{"type":"branch","line":81,"loc":{"start":{"line":81,"column":20},"end":{"line":81,"column":28}},"locations":[{"start":{"line":81,"column":20},"end":{"line":81,"column":28}}]},"13":{"type":"branch","line":91,"loc":{"start":{"line":91,"column":7},"end":{"line":98,"column":1}},"locations":[{"start":{"line":91,"column":7},"end":{"line":98,"column":1}}]},"14":{"type":"branch","line":92,"loc":{"start":{"line":92,"column":26},"end":{"line":96,"column":3}},"locations":[{"start":{"line":92,"column":26},"end":{"line":96,"column":3}}]},"15":{"type":"branch","line":108,"loc":{"start":{"line":108,"column":7},"end":{"line":117,"column":1}},"locations":[{"start":{"line":108,"column":7},"end":{"line":117,"column":1}}]},"16":{"type":"branch","line":112,"loc":{"start":{"line":112,"column":32},"end":{"line":114,"column":3}},"locations":[{"start":{"line":112,"column":32},"end":{"line":114,"column":3}}]},"17":{"type":"branch","line":126,"loc":{"start":{"line":126,"column":7},"end":{"line":128,"column":1}},"locations":[{"start":{"line":126,"column":7},"end":{"line":128,"column":1}}]},"18":{"type":"branch","line":137,"loc":{"start":{"line":137,"column":7},"end":{"line":139,"column":1}},"locations":[{"start":{"line":137,"column":7},"end":{"line":139,"column":1}}]},"19":{"type":"branch","line":149,"loc":{"start":{"line":149,"column":7},"end":{"line":151,"column":1}},"locations":[{"start":{"line":149,"column":7},"end":{"line":151,"column":1}}]},"20":{"type":"branch","line":150,"loc":{"start":{"line":150,"column":22},"end":{"line":150,"column":39}},"locations":[{"start":{"line":150,"column":22},"end":{"line":150,"column":39}}]},"21":{"type":"branch","line":161,"loc":{"start":{"line":161,"column":7},"end":{"line":163,"column":1}},"locations":[{"start":{"line":161,"column":7},"end":{"line":163,"column":1}}]},"22":{"type":"branch","line":162,"loc":{"start":{"line":162,"column":23},"end":{"line":162,"column":40}},"locations":[{"start":{"line":162,"column":23},"end":{"line":162,"column":40}}]}},"b":{"0":[7],"1":[0],"2":[0],"3":[6],"4":[1],"5":[0],"6":[4],"7":[2],"8":[1],"9":[1],"10":[1],"11":[1],"12":[1],"13":[23],"14":[3],"15":[1],"16":[0],"17":[1],"18":[1],"19":[1],"20":[0],"21":[1],"22":[0]},"fnMap":{"0":{"name":"getEnv","decl":{"start":{"line":17,"column":7},"end":{"line":21,"column":1}},"loc":{"start":{"line":17,"column":7},"end":{"line":21,"column":1}},"line":17},"1":{"name":"isDevEnv","decl":{"start":{"line":30,"column":7},"end":{"line":32,"column":1}},"loc":{"start":{"line":30,"column":7},"end":{"line":32,"column":1}},"line":30},"2":{"name":"getSilencedConsoleMethodsFromEnv","decl":{"start":{"line":43,"column":7},"end":{"line":49,"column":1}},"loc":{"start":{"line":43,"column":7},"end":{"line":49,"column":1}},"line":43},"3":{"name":"silenceConsole","decl":{"start":{"line":58,"column":7},"end":{"line":68,"column":1}},"loc":{"start":{"line":58,"column":7},"end":{"line":68,"column":1}},"line":58},"4":{"name":"console.<computed>","decl":{"start":{"line":64,"column":24},"end":{"line":64,"column":32}},"loc":{"start":{"line":64,"column":24},"end":{"line":64,"column":32}},"line":64},"5":{"name":"silenceSpecificConsoleLevel","decl":{"start":{"line":77,"column":7},"end":{"line":83,"column":1}},"loc":{"start":{"line":77,"column":7},"end":{"line":83,"column":1}},"line":77},"6":{"name":"console.<computed>","decl":{"start":{"line":81,"column":20},"end":{"line":81,"column":28}},"loc":{"start":{"line":81,"column":20},"end":{"line":81,"column":28}},"line":81},"7":{"name":"restoreConsole","decl":{"start":{"line":91,"column":7},"end":{"line":98,"column":1}},"loc":{"start":{"line":91,"column":7},"end":{"line":98,"column":1}},"line":91},"8":{"name":"wrapConsoleMethod","decl":{"start":{"line":108,"column":7},"end":{"line":117,"column":1}},"loc":{"start":{"line":108,"column":7},"end":{"line":117,"column":1}},"line":108},"9":{"name":"runIfDev","decl":{"start":{"line":126,"column":7},"end":{"line":128,"column":1}},"loc":{"start":{"line":126,"column":7},"end":{"line":128,"column":1}},"line":126},"10":{"name":"runIfProd","decl":{"start":{"line":137,"column":7},"end":{"line":139,"column":1}},"loc":{"start":{"line":137,"column":7},"end":{"line":139,"column":1}},"line":137},"11":{"name":"devOnly","decl":{"start":{"line":149,"column":7},"end":{"line":151,"column":1}},"loc":{"start":{"line":149,"column":7},"end":{"line":151,"column":1}},"line":149},"12":{"name":"prodOnly","decl":{"start":{"line":161,"column":7},"end":{"line":163,"column":1}},"loc":{"start":{"line":161,"column":7},"end":{"line":163,"column":1}},"line":161}},"f":{"0":7,"1":6,"2":1,"3":1,"4":1,"5":1,"6":1,"7":23,"8":1,"9":1,"10":1,"11":1,"12":1}}
,"D:\\worksites\\incodiy\\packages\\incodiy\\codeparcel\\dev-sentinel\\src\\index.ts": {"path":"D:\\worksites\\incodiy\\packages\\incodiy\\codeparcel\\dev-sentinel\\src\\index.ts","all":true,"statementMap":{"0":{"start":{"line":1,"column":0},"end":{"line":1,"column":8}}},"s":{"0":0},"branchMap":{"0":{"type":"branch","line":1,"loc":{"start":{"line":1,"column":253},"end":{"line":15,"column":15}},"locations":[{"start":{"line":1,"column":253},"end":{"line":15,"column":15}}]}},"b":{"0":[0]},"fnMap":{"0":{"name":"(empty-report)","decl":{"start":{"line":1,"column":253},"end":{"line":15,"column":15}},"loc":{"start":{"line":1,"column":253},"end":{"line":15,"column":15}},"line":1}},"f":{"0":0}}
}
